<?xml version="1.0" encoding="UTF-8"?>
<!-- Generated by org.testng.reporters.JUnitReportReporter -->
<testsuite skipped="0" hostname="Admin-PC" name="scriptsmodule01.ProfileTestimonials" tests="1" failures="0" timestamp="2020-08-30T15:16:46 IST" time="66.610" errors="0">
  <testcase name="TestimonialsSearch" time="66.610" classname="scriptsmodule01.ProfileTestimonials"/>
</testsuite> <!-- scriptsmodule01.ProfileTestimonials -->
