<?xml version="1.0" encoding="UTF-8"?>
<!-- Generated by org.testng.reporters.JUnitReportReporter -->
<testsuite skipped="0" hostname="Admin-PC" name="scriptsmodule01.ProfileAboutMe" tests="1" failures="0" timestamp="2020-09-03T17:52:28 IST" time="43.349" errors="0">
  <testcase name="AboutMeProfile" time="43.349" classname="scriptsmodule01.ProfileAboutMe"/>
</testsuite> <!-- scriptsmodule01.ProfileAboutMe -->
