<?xml version="1.0" encoding="UTF-8"?>
<!-- Generated by org.testng.reporters.JUnitReportReporter -->
<testsuite skipped="0" hostname="Admin-PC" name="scriptstestingpurpose.ProfileHomePageMultipleMethods" tests="6" failures="0" timestamp="2020-09-03T17:52:28 IST" time="492.451" errors="0">
  <testcase name="ProfileHomeAutoSearch" time="77.731" classname="scriptstestingpurpose.ProfileHomePageMultipleMethods"/>
  <testcase name="ProfileHomeButton" time="73.355" classname="scriptstestingpurpose.ProfileHomePageMultipleMethods"/>
  <testcase name="ProfileHomeDisabledText" time="71.641" classname="scriptstestingpurpose.ProfileHomePageMultipleMethods"/>
  <testcase name="ProfileHomeElementsText" time="97.882" classname="scriptstestingpurpose.ProfileHomePageMultipleMethods"/>
  <testcase name="ProfileHomeFileUploading" time="79.703" classname="scriptstestingpurpose.ProfileHomePageMultipleMethods"/>
  <testcase name="ProfileVideoTutorials" time="92.139" classname="scriptstestingpurpose.ProfileHomePageMultipleMethods"/>
</testsuite> <!-- scriptstestingpurpose.ProfileHomePageMultipleMethods -->
