<?xml version="1.0" encoding="UTF-8"?>
<!-- Generated by org.testng.reporters.JUnitReportReporter -->
<testsuite skipped="0" hostname="Admin-PC" name="scriptsmodule01.ProfileResume" tests="1" failures="0" timestamp="2020-08-30T15:16:46 IST" time="57.316" errors="0">
  <testcase name="ResumeProfile" time="57.316" classname="scriptsmodule01.ProfileResume"/>
</testsuite> <!-- scriptsmodule01.ProfileResume -->
