<?xml version="1.0" encoding="UTF-8"?>
<!-- Generated by org.testng.reporters.JUnitReportReporter -->
<testsuite skipped="0" hostname="Admin-PC" name="scriptsmodule01.ProfileContact" tests="1" failures="0" timestamp="2020-09-03T17:52:28 IST" time="94.385" errors="0">
  <testcase name="ContactDetails" time="94.385" classname="scriptsmodule01.ProfileContact"/>
</testsuite> <!-- scriptsmodule01.ProfileContact -->
