<?xml version="1.0" encoding="UTF-8"?>
<!-- Generated by org.testng.reporters.JUnitReportReporter -->
<testsuite skipped="0" hostname="Admin-PC" name="scriptsmodule02.ProfileProjects" tests="1" failures="0" timestamp="2020-09-03T17:52:28 IST" time="108.924" errors="0">
  <testcase name="ProjectList" time="108.924" classname="scriptsmodule02.ProfileProjects"/>
</testsuite> <!-- scriptsmodule02.ProfileProjects -->
