<?xml version="1.0" encoding="UTF-8"?>
<!-- Generated by org.testng.reporters.JUnitReportReporter -->
<testsuite skipped="0" hostname="Admin-PC" name="scriptsmodule01.ProfileTestimonials" tests="1" failures="0" timestamp="2020-09-03T17:52:28 IST" time="67.224" errors="0">
  <testcase name="TestimonialsSearch" time="67.224" classname="scriptsmodule01.ProfileTestimonials"/>
</testsuite> <!-- scriptsmodule01.ProfileTestimonials -->
