<?xml version="1.0" encoding="UTF-8"?>
<!-- Generated by org.testng.reporters.JUnitReportReporter -->
<testsuite skipped="0" hostname="Admin-PC" name="scriptsmodule01.ProfileContact" tests="1" failures="0" timestamp="2020-08-30T15:16:46 IST" time="96.536" errors="0">
  <testcase name="ContactDetails" time="96.536" classname="scriptsmodule01.ProfileContact"/>
</testsuite> <!-- scriptsmodule01.ProfileContact -->
